<?xml version="1.0" encoding="UTF-8"?>
<testsuites name="SCN047864 Auto_3DCityCity Referential test" time="7" tests="0" failures="0" errors="0">
   <testsuite name="SCN047864 Auto_3DCityCity Referential test" tests="0" failures="0" errors="0" time="7" timestamp="2018-03-14 14:06:05" hostname="JCN9 - LW5-JCN9-DSY.dsone.3ds.com" id="Test Suites/R2018x/Scenarios Test Suites/SCN047864 Auto_3DCityCity Referential test">
      <properties>
         <property name="deviceName" value=""/>
         <property name="devicePlatform" value=""/>
         <property name="logFolder" value="C:\\Users\\jcn9\\git\\TechnoQA\\Reports\\R2018x\\Scenarios Test Suites\\SCN047864 Auto_3DCityCity Referential test\\20180314_140559"/>
         <property name="logFiles" value="C:\\Users\\jcn9\\git\\TechnoQA\\Reports\\R2018x\\Scenarios Test Suites\\SCN047864 Auto_3DCityCity Referential test\\20180314_140559\\execution0.log"/>
         <property name="attachments" value=""/>
         <property name="hostName" value="JCN9 - LW5-JCN9-DSY.dsone.3ds.com"/>
         <property name="os" value="Windows 10 64bit"/>
         <property name="katalonVersion" value="5.3.1.1"/>
         <property name="browser" value="Chrome 64.0.3282.186"/>
         <property name="hostAddress" value="10.237.173.100"/>
         <property name="sessionId" value="38219b4da6f53f4ab368459f0c1d5f34"/>
         <property name="seleniumVersion" value="3.7.1"/>
         <property name="proxyInformation" value="ProxyInformation{proxyOption=NO_PROXY, proxyServerType=HTTP, password=, proxyServerAddress=, proxyServerPort=0}"/>
         <property name="platform" value="Windows 10"/>
      </properties>
      <testcase name="Test Cases/Scenarios/SCN047864 Auto_3DCityCity Referential test" classname="Test Cases/Scenarios/SCN047864 Auto_3DCityCity Referential test" status="INCOMPLETE">
         <system-out><![CDATA[2018-03-14 14:06:05 - [TEST_CASE][INCOMPLETE] - Test Cases/Scenarios/SCN047864 Auto_3DCityCity Referential test: null

2018-03-14 14:06:05 - [TEST_STEP][PASSED] - callTestCase: Call Test Case 'Test Cases/NavigateURLR2018x' successfully

2018-03-14 14:06:06 - [TEST_CASE][PASSED] - Test Cases/NavigateURLR2018x: Test Cases/NavigateURLR2018x

2018-03-14 14:06:06 - [TEST_STEP][PASSED] - openBrowser: Browser is opened with url: ''

2018-03-14 14:06:11 - [MESSAGE][PASSED] - Browser is opened with url: ''

2018-03-14 14:06:11 - [TEST_STEP][PASSED] - navigateToUrl: Navigate to 'https://euw1-20qna10309-ifwe.3dx-staging.3ds.com/' successfully

2018-03-14 14:06:11 - [MESSAGE][PASSED] - Navigate to 'https://euw1-20qna10309-ifwe.3dx-staging.3ds.com/' successfully

2018-03-14 14:06:11 - [TEST_STEP][PASSED] - maximizeWindow: Current window maximized

2018-03-14 14:06:12 - [MESSAGE][PASSED] - Current window maximized

2018-03-14 14:06:12 - [MESSAGE][PASSED] - Call Test Case 'Test Cases/NavigateURLR2018x' successfully

2018-03-14 14:06:12 - [TEST_STEP][INCOMPLETE] - callTestCase: null

2018-03-14 14:06:12 - [TEST_CASE][INCOMPLETE] - Test Cases/LoginToPod: null

2018-03-14 14:06:12 - [TEST_STEP][NOT_RUN] - openBrowser: NOT_RUN: openBrowser

2018-03-14 14:06:12 - [MESSAGE][NOT_RUN] - NOT_RUN: openBrowser

2018-03-14 14:06:12 - [TEST_STEP][NOT_RUN] - navigateToUrl: NOT_RUN: navigateToUrl

2018-03-14 14:06:12 - [MESSAGE][NOT_RUN] - NOT_RUN: navigateToUrl

2018-03-14 14:06:12 - [TEST_STEP][NOT_RUN] - maximizeWindow: NOT_RUN: maximizeWindow

2018-03-14 14:06:12 - [MESSAGE][NOT_RUN] - NOT_RUN: maximizeWindow

2018-03-14 14:06:12 - [TEST_STEP][NOT_RUN] - callTestCase: NOT_RUN: callTestCase

2018-03-14 14:06:12 - [MESSAGE][NOT_RUN] - NOT_RUN: callTestCase

2018-03-14 14:06:12 - [TEST_STEP][INCOMPLETE] - setText: Finding web element with id: 'Object Repository/LoginToPod/Page_3DPassport - Login/input_username' located by 'By.xpath: //input[@type = 'text' and @name = 'username' and @placeholder = 'Username or email']' in '30' second(s)]]></system-out>
         <system-err><![CDATA[2018-03-14 14:06:05 - [TEST_CASE][INCOMPLETE] - Test Cases/Scenarios/SCN047864 Auto_3DCityCity Referential test: null]]></system-err>
      </testcase>
      <system-out><![CDATA[2018-03-14 14:06:05 - [TEST_SUITE][INCOMPLETE] - SCN047864 Auto_3DCityCity Referential test: null]]></system-out>
      <system-err><![CDATA[2018-03-14 14:06:05 - [TEST_SUITE][INCOMPLETE] - SCN047864 Auto_3DCityCity Referential test: null]]></system-err>
   </testsuite>
</testsuites>
