<?xml version="1.0" encoding="UTF-8"?>
<testsuites name="SCN047865 Auto_BasicSanityTest Cloud3DExperiencePlatformTest" time="9" tests="2" failures="0" errors="0">
   <testsuite name="SCN047865 Auto_BasicSanityTest Cloud3DExperiencePlatformTest" tests="2" failures="0" errors="0" time="9" timestamp="2018-03-14 15:15:59" hostname="JCN9 - LW5-JCN9-DSY.dsone.3ds.com" id="Test Suites/R2018x/Scenarios Test Suites/SCN047865 Auto_BasicSanityTest Cloud3DExperiencePlatformTest">
      <properties>
         <property name="deviceName" value=""/>
         <property name="devicePlatform" value=""/>
         <property name="logFolder" value="C:\\Users\\jcn9\\git\\TechnoQA\\Reports\\R2018x\\Scenarios Test Suites\\SCN047865 Auto_BasicSanityTest Cloud3DExperiencePlatformTest\\20180314_151554"/>
         <property name="logFiles" value="C:\\Users\\jcn9\\git\\TechnoQA\\Reports\\R2018x\\Scenarios Test Suites\\SCN047865 Auto_BasicSanityTest Cloud3DExperiencePlatformTest\\20180314_151554\\execution0.log"/>
         <property name="attachments" value=""/>
         <property name="hostName" value="JCN9 - LW5-JCN9-DSY.dsone.3ds.com"/>
         <property name="os" value="Windows 10 64bit"/>
         <property name="katalonVersion" value="5.3.1.1"/>
         <property name="browser" value="Chrome 64.0.3282.186"/>
         <property name="hostAddress" value="10.237.173.100"/>
         <property name="sessionId" value="7c4b590d527eed207a67409b6ab2577b"/>
         <property name="seleniumVersion" value="3.7.1"/>
         <property name="proxyInformation" value="ProxyInformation{proxyOption=NO_PROXY, proxyServerType=HTTP, password=, proxyServerAddress=, proxyServerPort=0}"/>
         <property name="platform" value="Windows 10"/>
      </properties>
      <testcase name="Test Cases/NavigateURLR2018x" classname="Test Cases/NavigateURLR2018x" status="PASSED">
         <system-out><![CDATA[2018-03-14 15:15:59 - [TEST_CASE][PASSED] - Test Cases/NavigateURLR2018x: Test Cases/NavigateURLR2018x

2018-03-14 15:15:59 - [TEST_STEP][PASSED] - openBrowser: Browser is opened with url: ''

2018-03-14 15:16:03 - [MESSAGE][PASSED] - Browser is opened with url: ''

2018-03-14 15:16:03 - [TEST_STEP][PASSED] - navigateToUrl: Navigate to 'https://euw1-20qna10312-ifwe.3dx-staging.3ds.com/' successfully

2018-03-14 15:16:03 - [MESSAGE][PASSED] - Navigate to 'https://euw1-20qna10312-ifwe.3dx-staging.3ds.com/' successfully

2018-03-14 15:16:03 - [TEST_STEP][PASSED] - maximizeWindow: Current window maximized

2018-03-14 15:16:05 - [MESSAGE][PASSED] - Current window maximized]]></system-out>
         <system-err><![CDATA[]]></system-err>
      </testcase>
      <testcase name="Test Cases/LoginToPod" classname="Test Cases/LoginToPod" status="PASSED">
         <system-out><![CDATA[2018-03-14 15:16:05 - [TEST_CASE][PASSED] - Test Cases/LoginToPod: Test Cases/LoginToPod

2018-03-14 15:16:05 - [TEST_STEP][NOT_RUN] - openBrowser: NOT_RUN: openBrowser

2018-03-14 15:16:05 - [MESSAGE][NOT_RUN] - NOT_RUN: openBrowser

2018-03-14 15:16:05 - [TEST_STEP][NOT_RUN] - navigateToUrl: NOT_RUN: navigateToUrl

2018-03-14 15:16:05 - [MESSAGE][NOT_RUN] - NOT_RUN: navigateToUrl

2018-03-14 15:16:05 - [TEST_STEP][NOT_RUN] - maximizeWindow: NOT_RUN: maximizeWindow

2018-03-14 15:16:05 - [MESSAGE][NOT_RUN] - NOT_RUN: maximizeWindow

2018-03-14 15:16:05 - [TEST_STEP][NOT_RUN] - callTestCase: NOT_RUN: callTestCase

2018-03-14 15:16:05 - [MESSAGE][NOT_RUN] - NOT_RUN: callTestCase

2018-03-14 15:16:05 - [TEST_STEP][PASSED] - setText: Text 'Technoqa' is set on object 'Object Repository/LoginToPod/Page_3DPassport - Login/input_username'

2018-03-14 15:16:05 - [MESSAGE][PASSED] - Text 'Technoqa' is set on object 'Object Repository/LoginToPod/Page_3DPassport - Login/input_username'

2018-03-14 15:16:05 - [TEST_STEP][PASSED] - setText: Text 'Techno2016#' is set on object 'Object Repository/LoginToPod/Page_3DPassport - Login/input_password'

2018-03-14 15:16:05 - [MESSAGE][PASSED] - Text 'Techno2016#' is set on object 'Object Repository/LoginToPod/Page_3DPassport - Login/input_password'

2018-03-14 15:16:05 - [TEST_STEP][PASSED] - verifyElementVisible: Object 'Object Repository/LoginToPod/Page_3DPassport - Login/input_uwa-submit uwa-submit-ro' is visible

2018-03-14 15:16:05 - [MESSAGE][PASSED] - Object 'Object Repository/LoginToPod/Page_3DPassport - Login/input_uwa-submit uwa-submit-ro' is visible

2018-03-14 15:16:05 - [TEST_STEP][PASSED] - click: Object: 'Object Repository/LoginToPod/Page_3DPassport - Login/input_uwa-submit uwa-submit-ro' is clicked on

2018-03-14 15:16:06 - [MESSAGE][PASSED] - Object: 'Object Repository/LoginToPod/Page_3DPassport - Login/input_uwa-submit uwa-submit-ro' is clicked on

2018-03-14 15:16:06 - [TEST_STEP][PASSED] - verifyElementVisible: Object 'Object Repository/LoginToPod/Page_3DPassport - Login/span_3DEXPERIENCE' is visible

2018-03-14 15:16:07 - [MESSAGE][PASSED] - Object 'Object Repository/LoginToPod/Page_3DPassport - Login/span_3DEXPERIENCE' is visible

2018-03-14 15:16:07 - [TEST_STEP][PASSED] - click: Object: 'Object Repository/LoginToPod/CloseTheWindow/Page_My First Dashboard/span_ds-coachmark-close' is clicked on

2018-03-14 15:16:07 - [MESSAGE][PASSED] - Object: 'Object Repository/LoginToPod/CloseTheWindow/Page_My First Dashboard/span_ds-coachmark-close' is clicked on]]></system-out>
         <system-err><![CDATA[]]></system-err>
      </testcase>
      <system-out><![CDATA[2018-03-14 15:15:59 - [TEST_SUITE][PASSED] - SCN047865 Auto_BasicSanityTest Cloud3DExperiencePlatformTest: Test Cases/LoginToPod]]></system-out>
      <system-err><![CDATA[]]></system-err>
   </testsuite>
</testsuites>
