<?xml version="1.0" encoding="UTF-8"?>
<testsuites name="SCN047865 Auto_BasicSanityTest Cloud3DExperiencePlatformTest" time="9" tests="5" failures="0" errors="0">
   <testsuite name="SCN047865 Auto_BasicSanityTest Cloud3DExperiencePlatformTest" tests="5" failures="0" errors="0" time="9" timestamp="2018-03-15 19:01:05" hostname="ADS - LP5-ADS-DSY.dsone.3ds.com" id="Test Suites/R2018x/Scenarios Test Suites/SCN047865 Auto_BasicSanityTest Cloud3DExperiencePlatformTest">
      <properties>
         <property name="deviceName" value=""/>
         <property name="devicePlatform" value=""/>
         <property name="logFolder" value="C:\\Users\\ads\\git\\TechnoQA\\Reports\\R2018x\\Scenarios Test Suites\\SCN047865 Auto_BasicSanityTest Cloud3DExperiencePlatformTest\\20180315_190104"/>
         <property name="logFiles" value="C:\\Users\\ads\\git\\TechnoQA\\Reports\\R2018x\\Scenarios Test Suites\\SCN047865 Auto_BasicSanityTest Cloud3DExperiencePlatformTest\\20180315_190104\\execution0.log"/>
         <property name="attachments" value=""/>
         <property name="hostName" value="ADS - LP5-ADS-DSY.dsone.3ds.com"/>
         <property name="os" value="Windows 10 64bit"/>
         <property name="katalonVersion" value="5.3.1.1"/>
         <property name="browser" value="Chrome 64.0.3282.186"/>
         <property name="hostAddress" value="10.237.173.17"/>
         <property name="sessionId" value="21725af06647be730a6ec4cb4f080d44"/>
         <property name="seleniumVersion" value="3.7.1"/>
         <property name="proxyInformation" value="ProxyInformation{proxyOption=NO_PROXY, proxyServerType=HTTP, password=, proxyServerAddress=, proxyServerPort=0}"/>
         <property name="platform" value="Windows 10"/>
      </properties>
      <testcase name="Test Cases/NavigateURLR2018x" classname="Test Cases/NavigateURLR2018x" status="PASSED">
         <system-out><![CDATA[2018-03-15 19:01:05 - [TEST_CASE][PASSED] - Test Cases/NavigateURLR2018x: Test Cases/NavigateURLR2018x

2018-03-15 19:01:05 - [TEST_STEP][PASSED] - openBrowser: Browser is opened with url: ''

2018-03-15 19:01:08 - [MESSAGE][PASSED] - Browser is opened with url: ''

2018-03-15 19:01:08 - [TEST_STEP][PASSED] - navigateToUrl: Navigate to 'https://euw1-20qna10312-ifwe.3dx-staging.3ds.com/' successfully

2018-03-15 19:01:08 - [MESSAGE][PASSED] - Navigate to 'https://euw1-20qna10312-ifwe.3dx-staging.3ds.com/' successfully

2018-03-15 19:01:08 - [TEST_STEP][PASSED] - maximizeWindow: Current window maximized

2018-03-15 19:01:09 - [MESSAGE][PASSED] - Current window maximized]]></system-out>
         <system-err><![CDATA[]]></system-err>
      </testcase>
      <testcase name="Test Cases/LoginToPod" classname="Test Cases/LoginToPod" status="PASSED">
         <system-out><![CDATA[2018-03-15 19:01:09 - [TEST_CASE][PASSED] - Test Cases/LoginToPod: Test Cases/LoginToPod

2018-03-15 19:01:09 - [TEST_STEP][NOT_RUN] - openBrowser: NOT_RUN: openBrowser

2018-03-15 19:01:09 - [MESSAGE][NOT_RUN] - NOT_RUN: openBrowser

2018-03-15 19:01:09 - [TEST_STEP][NOT_RUN] - navigateToUrl: NOT_RUN: navigateToUrl

2018-03-15 19:01:09 - [MESSAGE][NOT_RUN] - NOT_RUN: navigateToUrl

2018-03-15 19:01:09 - [TEST_STEP][NOT_RUN] - maximizeWindow: NOT_RUN: maximizeWindow

2018-03-15 19:01:09 - [MESSAGE][NOT_RUN] - NOT_RUN: maximizeWindow

2018-03-15 19:01:09 - [TEST_STEP][NOT_RUN] - callTestCase: NOT_RUN: callTestCase

2018-03-15 19:01:09 - [MESSAGE][NOT_RUN] - NOT_RUN: callTestCase

2018-03-15 19:01:09 - [TEST_STEP][PASSED] - setText: Text 'Technoqa' is set on object 'Object Repository/LoginToPod/Page_3DPassport - Login/input_username'

2018-03-15 19:01:09 - [MESSAGE][PASSED] - Text 'Technoqa' is set on object 'Object Repository/LoginToPod/Page_3DPassport - Login/input_username'

2018-03-15 19:01:09 - [TEST_STEP][PASSED] - setText: Text 'Techno2016#' is set on object 'Object Repository/LoginToPod/Page_3DPassport - Login/input_password'

2018-03-15 19:01:10 - [MESSAGE][PASSED] - Text 'Techno2016#' is set on object 'Object Repository/LoginToPod/Page_3DPassport - Login/input_password'

2018-03-15 19:01:10 - [TEST_STEP][PASSED] - verifyElementVisible: Object 'Object Repository/LoginToPod/Page_3DPassport - Login/input_uwa-submit uwa-submit-ro' is visible

2018-03-15 19:01:10 - [MESSAGE][PASSED] - Object 'Object Repository/LoginToPod/Page_3DPassport - Login/input_uwa-submit uwa-submit-ro' is visible

2018-03-15 19:01:10 - [TEST_STEP][PASSED] - click: Object: 'Object Repository/LoginToPod/Page_3DPassport - Login/input_uwa-submit uwa-submit-ro' is clicked on

2018-03-15 19:01:10 - [MESSAGE][PASSED] - Object: 'Object Repository/LoginToPod/Page_3DPassport - Login/input_uwa-submit uwa-submit-ro' is clicked on

2018-03-15 19:01:10 - [TEST_STEP][PASSED] - verifyElementVisible: Object 'Object Repository/LoginToPod/Page_3DPassport - Login/span_3DEXPERIENCE' is visible

2018-03-15 19:01:11 - [MESSAGE][PASSED] - Object 'Object Repository/LoginToPod/Page_3DPassport - Login/span_3DEXPERIENCE' is visible]]></system-out>
         <system-err><![CDATA[]]></system-err>
      </testcase>
      <testcase name="Test Cases/TopBarFunctions/TopBarCheck" classname="Test Cases/TopBarFunctions/TopBarCheck" status="PASSED">
         <system-out><![CDATA[2018-03-15 19:01:11 - [TEST_CASE][PASSED] - Test Cases/TopBarFunctions/TopBarCheck: Test Cases/TopBarFunctions/TopBarCheck

2018-03-15 19:01:11 - [TEST_STEP][PASSED] - verifyElementVisible: Object 'Object Repository/TopBar/Page_TopBar/div_dashboard-actions-holder f' is visible

2018-03-15 19:01:12 - [MESSAGE][PASSED] - Object 'Object Repository/TopBar/Page_TopBar/div_dashboard-actions-holder f' is visible

2018-03-15 19:01:12 - [TEST_STEP][NOT_RUN] - verifyElementVisible: NOT_RUN: verifyElementVisible

2018-03-15 19:01:12 - [MESSAGE][NOT_RUN] - NOT_RUN: verifyElementVisible

2018-03-15 19:01:12 - [TEST_STEP][NOT_RUN] - verifyElementVisible: NOT_RUN: verifyElementVisible

2018-03-15 19:01:12 - [MESSAGE][NOT_RUN] - NOT_RUN: verifyElementVisible

2018-03-15 19:01:12 - [TEST_STEP][NOT_RUN] - verifyElementVisible: NOT_RUN: verifyElementVisible

2018-03-15 19:01:12 - [MESSAGE][NOT_RUN] - NOT_RUN: verifyElementVisible

2018-03-15 19:01:12 - [TEST_STEP][NOT_RUN] - verifyElementVisible: NOT_RUN: verifyElementVisible

2018-03-15 19:01:12 - [MESSAGE][NOT_RUN] - NOT_RUN: verifyElementVisible

2018-03-15 19:01:12 - [TEST_STEP][NOT_RUN] - verifyElementVisible: NOT_RUN: verifyElementVisible

2018-03-15 19:01:12 - [MESSAGE][NOT_RUN] - NOT_RUN: verifyElementVisible

2018-03-15 19:01:12 - [TEST_STEP][NOT_RUN] - verifyElementVisible: NOT_RUN: verifyElementVisible

2018-03-15 19:01:12 - [MESSAGE][NOT_RUN] - NOT_RUN: verifyElementVisible

2018-03-15 19:01:12 - [TEST_STEP][NOT_RUN] - verifyElementVisible: NOT_RUN: verifyElementVisible

2018-03-15 19:01:12 - [MESSAGE][NOT_RUN] - NOT_RUN: verifyElementVisible

2018-03-15 19:01:12 - [TEST_STEP][NOT_RUN] - verifyElementVisible: NOT_RUN: verifyElementVisible

2018-03-15 19:01:12 - [MESSAGE][NOT_RUN] - NOT_RUN: verifyElementVisible

2018-03-15 19:01:12 - [TEST_STEP][NOT_RUN] - verifyElementVisible: NOT_RUN: verifyElementVisible

2018-03-15 19:01:12 - [MESSAGE][NOT_RUN] - NOT_RUN: verifyElementVisible]]></system-out>
         <system-err><![CDATA[]]></system-err>
      </testcase>
      <testcase name="Test Cases/DashboardFunctions/CreateNewDashboard" classname="Test Cases/DashboardFunctions/CreateNewDashboard" status="PASSED">
         <system-out><![CDATA[2018-03-15 19:01:12 - [TEST_CASE][PASSED] - Test Cases/DashboardFunctions/CreateNewDashboard: Test Cases/DashboardFunctions/CreateNewDashboard

2018-03-15 19:01:12 - [TEST_STEP][PASSED] - click: Object: 'Object Repository/CreateNewDashboardAndTab/Page_CreateNewDashboard/div_dashboard-actions-holder f' is clicked on

2018-03-15 19:01:12 - [MESSAGE][PASSED] - Object: 'Object Repository/CreateNewDashboardAndTab/Page_CreateNewDashboard/div_dashboard-actions-holder f' is clicked on

2018-03-15 19:01:12 - [TEST_STEP][PASSED] - click: Object: 'Object Repository/CreateNewDashboardAndTab/Page_CreateNewDashboard/span_Add Dashboard...' is clicked on

2018-03-15 19:01:12 - [MESSAGE][PASSED] - Object: 'Object Repository/CreateNewDashboardAndTab/Page_CreateNewDashboard/span_Add Dashboard...' is clicked on

2018-03-15 19:01:12 - [TEST_STEP][PASSED] - setText: Text 'Test JCN9 auto' is set on object 'Object Repository/CreateNewDashboardAndTab/Page_CreateNewDashboard/input_form-control form-contro'

2018-03-15 19:01:12 - [MESSAGE][PASSED] - Text 'Test JCN9 auto' is set on object 'Object Repository/CreateNewDashboardAndTab/Page_CreateNewDashboard/input_form-control form-contro'

2018-03-15 19:01:12 - [TEST_STEP][PASSED] - click: Object: 'Object Repository/CreateNewDashboardAndTab/Page_CreateNewDashboard/button_Create' is clicked on

2018-03-15 19:01:13 - [MESSAGE][PASSED] - Object: 'Object Repository/CreateNewDashboardAndTab/Page_CreateNewDashboard/button_Create' is clicked on

2018-03-15 19:01:13 - [TEST_STEP][PASSED] - waitForPageLoad: Wait for page load successfully

2018-03-15 19:01:13 - [MESSAGE][PASSED] - Wait for page load successfully]]></system-out>
         <system-err><![CDATA[]]></system-err>
      </testcase>
      <testcase name="Test Cases/Logout" classname="Test Cases/Logout" status="PASSED">
         <system-out><![CDATA[2018-03-15 19:01:13 - [TEST_CASE][PASSED] - Test Cases/Logout: Test Cases/Logout

2018-03-15 19:01:13 - [TEST_STEP][PASSED] - waitForPageLoad: Wait for page load successfully

2018-03-15 19:01:13 - [MESSAGE][PASSED] - Wait for page load successfully

2018-03-15 19:01:13 - [TEST_STEP][PASSED] - click: Object: 'Object Repository/Logout/Page_Logout/div_profile-picture' is clicked on

2018-03-15 19:01:13 - [MESSAGE][PASSED] - Object: 'Object Repository/Logout/Page_Logout/div_profile-picture' is clicked on

2018-03-15 19:01:13 - [TEST_STEP][PASSED] - click: Object: 'Object Repository/Logout/Page_Logout/span_Sign Out' is clicked on

2018-03-15 19:01:13 - [MESSAGE][PASSED] - Object: 'Object Repository/Logout/Page_Logout/span_Sign Out' is clicked on

2018-03-15 19:01:13 - [TEST_STEP][PASSED] - closeBrowser: Browser is closed

2018-03-15 19:01:14 - [MESSAGE][PASSED] - Browser is closed]]></system-out>
         <system-err><![CDATA[]]></system-err>
      </testcase>
      <system-out><![CDATA[2018-03-15 19:01:05 - [TEST_SUITE][PASSED] - SCN047865 Auto_BasicSanityTest Cloud3DExperiencePlatformTest: Test Cases/Logout]]></system-out>
      <system-err><![CDATA[]]></system-err>
   </testsuite>
</testsuites>
